<?xml version="1.0" encoding="UTF-8"?>
<!-- Generated by org.testng.reporters.JUnitReportReporter -->
<testsuite hostname="Vaibhav" failures="0" tests="1" name="practiceDDT.ReadDataFromTestNgXmlTest" time="0.010" errors="0" timestamp="2025-05-13T14:33:01 IST" skipped="0">
  <testcase classname="practiceDDT.ReadDataFromTestNgXmlTest" name="sampleTest" time="0.010"/>
  <system-out/>
</testsuite> <!-- practiceDDT.ReadDataFromTestNgXmlTest -->
