<?xml version="1.0" encoding="UTF-8"?>
<!-- Generated by org.testng.reporters.JUnitReportReporter -->
<testsuite hostname="Vaibhav" failures="0" tests="3" name="practice.testng.SampleReportTest" time="2.466" errors="0" timestamp="2025-06-23T17:40:49 IST" skipped="0">
  <testcase classname="practice.testng.SampleReportTest" name="createContactWithPhoneNumberTest" time="0.002"/>
  <system-out/>
  <testcase classname="practice.testng.SampleReportTest" name="createContactTest" time="2.462"/>
  <system-out/>
  <testcase classname="practice.testng.SampleReportTest" name="createContactWithOrgTest" time="0.002"/>
  <system-out/>
</testsuite> <!-- practice.testng.SampleReportTest -->
