<?xml version="1.0" encoding="UTF-8"?>
<!-- Generated by org.testng.reporters.JUnitReportReporter -->
<testsuite hostname="Vaibhav" failures="0" tests="1" name="practice.pom.repository.SampleTestWithPOM" time="6.449" errors="0" timestamp="2025-05-20T13:38:16 IST" skipped="0">
  <testcase classname="practice.pom.repository.SampleTestWithPOM" name="sampleTest" time="6.449"/>
  <system-out/>
</testsuite> <!-- practice.pom.repository.SampleTestWithPOM -->
