<?xml version="1.0" encoding="UTF-8"?>
<!-- Generated by org.testng.reporters.JUnitReportReporter -->
<testsuite hostname="Vaibhav" failures="0" tests="11" name="practice.testng.InvocationCountTest" time="0.023" errors="0" timestamp="2025-05-27T12:36:07 IST" skipped="1">
  <testcase classname="practice.testng.InvocationCountTest" name="createOrderTest" time="0.011"/>
  <system-out/>
  <testcase classname="practice.testng.InvocationCountTest" name="createOrderTest" time="0.002"/>
  <system-out/>
  <testcase classname="practice.testng.InvocationCountTest" name="createOrderTest" time="0.002"/>
  <system-out/>
  <testcase classname="practice.testng.InvocationCountTest" name="createOrderTest" time="0.001"/>
  <system-out/>
  <testcase classname="practice.testng.InvocationCountTest" name="createOrderTest" time="0.001"/>
  <system-out/>
  <testcase classname="practice.testng.InvocationCountTest" name="createOrderTest" time="0.001"/>
  <system-out/>
  <testcase classname="practice.testng.InvocationCountTest" name="createOrderTest" time="0.002"/>
  <system-out/>
  <testcase classname="practice.testng.InvocationCountTest" name="createOrderTest" time="0.001"/>
  <system-out/>
  <testcase classname="practice.testng.InvocationCountTest" name="createOrderTest" time="0.001"/>
  <system-out/>
  <testcase classname="practice.testng.InvocationCountTest" name="createOrderTest" time="0.001"/>
  <system-out/>
  <testcase classname="practice.testng.InvocationCountTest" name="billingAnOrderTest">
    <skipped/>
  </testcase> <!-- billingAnOrderTest -->
  <system-out/>
</testsuite> <!-- practice.testng.InvocationCountTest -->
