<?xml version="1.0" encoding="UTF-8"?>
<!-- Generated by org.testng.reporters.JUnitReportReporter -->
<testsuite hostname="Vaibhav" failures="0" tests="3" name="practice.testng.DataProviderTest2" time="0.012" errors="0" timestamp="2025-05-27T13:36:44 IST" skipped="0">
  <testcase classname="practice.testng.DataProviderTest2" name="createContactTest" time="0.001"/>
  <system-out/>
  <testcase classname="practice.testng.DataProviderTest2" name="createContactTest" time="0.010"/>
  <system-out/>
  <testcase classname="practice.testng.DataProviderTest2" name="createContactTest" time="0.001"/>
  <system-out/>
</testsuite> <!-- practice.testng.DataProviderTest2 -->
