<?xml version="1.0" encoding="UTF-8"?>
<!-- Generated by org.testng.reporters.JUnitReportReporter -->
<testsuite hostname="Vaibhav" failures="0" tests="1" name="practiceDDT.CreateOrgUsingXmlFileTest" time="31.527" errors="0" timestamp="2025-05-13T14:37:58 IST" skipped="0">
  <testcase classname="practiceDDT.CreateOrgUsingXmlFileTest" name="createOrg" time="31.527"/>
  <system-out/>
</testsuite> <!-- practiceDDT.CreateOrgUsingXmlFileTest -->
