<?xml version="1.0" encoding="UTF-8"?>
<!-- Generated by org.testng.reporters.JUnitReportReporter -->
<testsuite hostname="Vaibhav" failures="0" tests="2" name="practice.testng.OrderTest" time="0.012" errors="0" timestamp="2025-05-27T12:30:15 IST" skipped="0">
  <testcase classname="practice.testng.OrderTest" name="createOrderTest" time="0.010"/>
  <system-out/>
  <testcase classname="practice.testng.OrderTest" name="billingAnOrderTest" time="0.002"/>
  <system-out/>
</testsuite> <!-- practice.testng.OrderTest -->
