<?xml version="1.0" encoding="UTF-8"?>
<!-- Generated by org.testng.reporters.JUnitReportReporter -->
<testsuite hostname="Vaibhav" failures="0" tests="1" name="practiceDDT.SampleUnitTestCheckProjectInBackEnd" time="0.409" errors="0" timestamp="2025-05-14T12:38:09 IST" skipped="0">
  <testcase classname="practiceDDT.SampleUnitTestCheckProjectInBackEnd" name="projectCheckTest" time="0.409"/>
  <system-out/>
</testsuite> <!-- practiceDDT.SampleUnitTestCheckProjectInBackEnd -->
