<?xml version="1.0" encoding="UTF-8"?>
<!-- Generated by org.testng.reporters.JUnitReportReporter -->
<testsuite hostname="Vaibhav" failures="0" tests="3" name="practice.testng.DataProviderTest" time="0.011" errors="0" timestamp="2025-05-27T13:32:19 IST" skipped="0">
  <testcase classname="practice.testng.DataProviderTest" name="createContactTest" time="0.001"/>
  <system-out/>
  <testcase classname="practice.testng.DataProviderTest" name="createContactTest" time="0.009"/>
  <system-out/>
  <testcase classname="practice.testng.DataProviderTest" name="createContactTest" time="0.001"/>
  <system-out/>
</testsuite> <!-- practice.testng.DataProviderTest -->
