<?xml version="1.0" encoding="UTF-8"?>
<!-- Generated by org.testng.reporters.JUnitReportReporter -->
<testsuite hostname="Vaibhav" failures="0" tests="3" name="practice.testng.GetProductInfoTest" time="34.016" errors="0" timestamp="2025-05-28T10:38:15 IST" skipped="0">
  <testcase classname="practice.testng.GetProductInfoTest" name="getProductInfoTest" time="12.484"/>
  <system-out/>
  <testcase classname="practice.testng.GetProductInfoTest" name="getProductInfoTest" time="11.109"/>
  <system-out/>
  <testcase classname="practice.testng.GetProductInfoTest" name="getProductInfoTest" time="10.423"/>
  <system-out/>
</testsuite> <!-- practice.testng.GetProductInfoTest -->
