<?xml version="1.0" encoding="UTF-8"?>
<!-- Generated by org.testng.reporters.JUnitReportReporter -->
<testsuite hostname="Vaibhav" failures="0" tests="1" name="com.vtiger.crm.contacttest.CreateContactWithOrganizationPOMTest" time="17.738" errors="0" timestamp="2025-05-24T17:28:46 IST" skipped="0">
  <testcase classname="com.vtiger.crm.contacttest.CreateContactWithOrganizationPOMTest" name="createContactWithOrganizationTest" time="17.738"/>
  <system-out/>
</testsuite> <!-- com.vtiger.crm.contacttest.CreateContactWithOrganizationPOMTest -->
