<?xml version="1.0" encoding="UTF-8"?>
<!-- Generated by org.testng.reporters.JUnitReportReporter -->
<testsuite hostname="Vaibhav" failures="0" tests="1" name="com.vtiger.crm.organistationtest.CreateOrganizationWithPhoneNumberTest" time="14.468" errors="0" timestamp="2025-05-24T00:23:09 IST" skipped="0">
  <testcase classname="com.vtiger.crm.organistationtest.CreateOrganizationWithPhoneNumberTest" name="createOrgTest" time="14.468"/>
  <system-out/>
</testsuite> <!-- com.vtiger.crm.organistationtest.CreateOrganizationWithPhoneNumberTest -->
