<?xml version="1.0" encoding="UTF-8"?>
<!-- Generated by org.testng.reporters.JUnitReportReporter -->
<testsuite hostname="Vaibhav" failures="0" tests="1" name="com.vtiger.crm.contacttest.CreateContactWithSupportDatePOMTest" time="12.690" errors="0" timestamp="2025-05-24T14:13:19 IST" skipped="0">
  <testcase classname="com.vtiger.crm.contacttest.CreateContactWithSupportDatePOMTest" name="createConatct" time="12.690"/>
  <system-out/>
</testsuite> <!-- com.vtiger.crm.contacttest.CreateContactWithSupportDatePOMTest -->
