<?xml version="1.0" encoding="UTF-8"?>
<!-- Generated by org.testng.reporters.JUnitReportReporter -->
<testsuite hostname="Vaibhav" failures="0" tests="1" name="practice.test.ScreenshotTest" time="7.505" errors="0" timestamp="2025-06-09T13:33:54 IST" skipped="0">
  <testcase classname="practice.test.ScreenshotTest" name="flipkartTest" time="7.505"/>
  <system-out/>
</testsuite> <!-- practice.test.ScreenshotTest -->
