<?xml version="1.0" encoding="UTF-8"?>
<!-- Generated by org.testng.reporters.JUnitReportReporter -->
<testsuite hostname="Vaibhav" failures="0" tests="2" name="practice.test.ConfigAnnotations" time="0.012" errors="0" timestamp="2025-05-28T13:12:09 IST" skipped="0">
  <testcase classname="practice.test.ConfigAnnotations" name="createContact" time="0.009"/>
  <system-out/>
  <testcase classname="practice.test.ConfigAnnotations" name="createContactWithDate" time="0.003"/>
  <system-out/>
</testsuite> <!-- practice.test.ConfigAnnotations -->
