<?xml version="1.0" encoding="UTF-8"?>
<!-- Generated by org.testng.reporters.JUnitReportReporter -->
<testsuite hostname="Vaibhav" failures="0" tests="1" name="com.vtiger.crm.contacttest.CreateContactUsingPOMTest" time="12.803" errors="0" timestamp="2025-05-28T14:50:41 IST" skipped="0">
  <testcase classname="com.vtiger.crm.contacttest.CreateContactUsingPOMTest" name="createContact" time="12.803"/>
  <system-out/>
</testsuite> <!-- com.vtiger.crm.contacttest.CreateContactUsingPOMTest -->
