<?xml version="1.0" encoding="UTF-8"?>
<!-- Generated by org.testng.reporters.JUnitReportReporter -->
<testsuite hostname="Vaibhav" failures="0" tests="2" name="practice.test.ConfigAnnotations2" time="0.010" errors="0" timestamp="2025-05-28T13:17:45 IST" skipped="0">
  <testcase classname="practice.test.ConfigAnnotations2" name="createContactWithDate" time="0.004"/>
  <system-out/>
  <testcase classname="practice.test.ConfigAnnotations2" name="createContact" time="0.006"/>
  <system-out/>
</testsuite> <!-- practice.test.ConfigAnnotations2 -->
