<?xml version="1.0" encoding="UTF-8"?>
<!-- Generated by org.testng.reporters.JUnitXMLReporter -->
<testsuite ignored="2" hostname="Vaibhav" failures="0" tests="6" name="Test-1" time="65.395" errors="0" timestamp="2025-06-02T12:42:28 IST">
  <testcase classname="com.comcast.crm.contacttest.CreateContactTest" name="createContActWithSupportDateTest" time="6.227"/>
  <testcase classname="com.comcast.crm.contacttest.CreateContactTest" name="createContactTest" time="5.328"/>
  <testcase classname="com.comcast.crm.contacttest.CreateContactTest" name="createContactWithOrganizationTest" time="10.814"/>
  <testcase classname="com.comcast.crm.orgtest.CreateOrganizationTest" name="createOrganizationTest" time="4.921"/>
  <testcase classname="com.comcast.crm.orgtest.CreateOrganizationTest" name="createOrganizationWithIndustryTest" time="4.531"/>
  <testcase classname="com.comcast.crm.orgtest.CreateOrganizationTest" name="createOrganizationWithPhoneNumberTest" time="4.461"/>
  <testcase classname="com.vtiger.crm.baseutility.BaseClass" name="@BeforeSuite configBS" time="0.0">
    <ignored/>
  </testcase> <!-- @BeforeSuite configBS -->
  <testcase classname="com.vtiger.crm.baseutility.BaseClass" name="@AfterSuite configAS" time="0.0">
    <ignored/>
  </testcase> <!-- @AfterSuite configAS -->
</testsuite> <!-- Test-1 -->
